SF:lib\modules\patients\provider\patients_provider.dart
DA:12,0
DA:13,0
DA:16,0
DA:17,0
DA:18,0
DA:19,0
LF:6
LH:0
end_of_record
SF:lib\modules\patients\provider\patients_state_notifier.dart
DA:4,1
DA:7,1
DA:13,0
DA:14,3
DA:16,1
DA:17,1
DA:20,6
DA:21,2
DA:22,1
DA:24,1
LF:10
LH:9
end_of_record
SF:lib\modules\patients\repository\patient_repository.dart
DA:9,1
DA:14,1
DA:17,1
DA:18,4
DA:20,2
DA:21,3
DA:22,3
DA:24,1
DA:25,1
DA:26,1
LF:10
LH:10
end_of_record
SF:lib\modules\patients\state\patients_state.dart
DA:1,2
LF:1
LH:1
end_of_record
SF:lib\modules\core\exceptions\custom_http_exception.dart
DA:5,1
LF:1
LH:1
end_of_record
SF:lib\modules\core\helpers\common.dart
DA:2,1
DA:3,5
LF:2
LH:2
end_of_record
SF:lib\modules\patients\models\patient_model.dart
DA:18,0
DA:20,1
DA:32,2
DA:33,2
DA:34,2
DA:35,2
DA:36,1
DA:37,2
DA:38,3
DA:39,1
DA:40,1
DA:41,2
LF:12
LH:11
end_of_record
SF:lib\modules\patients\models\address_model.dart
DA:9,1
DA:18,2
DA:19,2
DA:20,2
DA:21,1
DA:22,1
DA:23,1
DA:24,2
DA:25,2
DA:26,1
DA:30,0
DA:32,0
LF:12
LH:10
end_of_record
SF:lib\modules\patients\models\id_model.dart
DA:5,1
DA:7,1
DA:8,3
LF:3
LH:3
end_of_record
SF:lib\modules\patients\models\name_model.dart
DA:6,1
DA:9,1
DA:10,1
DA:11,1
DA:12,1
DA:13,1
DA:17,0
DA:18,0
LF:8
LH:6
end_of_record
